cudaMemcpyToSymbol Error: initialization error
cudaMemcpyToSymbol Error: initialization error
Packing::getNDim: nDim on host does not match nDim on device
cudaMemcpyToSymbol Error: initialization error
4096/posMinPressureSweep2/posMin-8/0.000107737870278498267004451637035104924
5771794759897303760483399135
2048/radMinPressureSweep2/radMin-2/0.000274071496047415592389052180365118461
2048/radMinPressureSweep2/radMin-2/0.000345428368963406331113407337080318776
2048/radMinPressureSweep2/radMin-2/0.000435564683907362084146764264368221095
2048/radMinPressureSweep2/radMin-2/0.000550005611139053425628927913546955168
2048/radMinPressureSweep2/radMin-2/0.000693909806392468312911535391109955612
2048/radMinPressureSweep2/radMin-2/0.000877129079476166732979183850316212514
2048/radMinPressureSweep2/radMin-2/0.00110598234861715662697156837731390046
2048/radMinPressureSweep2/radMin-2/0.00139569430216734697548241731854225953
2048/radMinPressureSweep2/radMin-2/0.00177120900715616769326995921157573176
2048/radMinPressureSweep2/radMin-2/0.00224047160877503610734227889195647125
2048/radMinPressureSweep2/radMin-2/0.0028355112232375093583046436597612857
2048/radMinPressureSweep2/radMin-2/0.00361884282448462719926715041870403503
2048/radMinPressureSweep2/radMin-2/0.00464055978651340461664049235076612691
2048/radMinPressureSweep2/radMin-2/0.00592869714499948935322768955163576417
2048/radMinPressureSweep2/radMin-2/0.00761584527209614043493713337606586751
2048/radMinPressureSweep2/radMin-2/0.00983930737326399059428316160992862597
2048/radMinPressureSweep2/radMin-2/0.012809085468044033475062114658306161
2048/radMinPressureSweep2/radMin-2/0.0168408610992124396410933497966956608
2048/radMinPressureSweep2/radMin-2/0.0222503338715084768120690843468147388
2048/radMinPressureSweep2/radMin-2/0.0296079271896700551310199199635638313
2048/radMinPressureSweep2/radMin-2/0.0396405493210390874641322649021570929
2048/radMinPressureSweep2/radMin-2/0.0533462874653738665456392159101930761
2048/radMinPressureSweep2/radMin-2/0.072090538859871854846853778626344841
2048/radMinPressureSweep2/radMin-2/0.0965657261316894748219692080078048128
2048/radMinPressureSweep2/radMin-2/0.127949886024199567337954456309113492
2048/radMinPressureSweep2/radMin-2/1.08688104653225406070848901608463972e-05
2048/radMinPressureSweep2/radMin-2/1.08709358188088542061000947029403421e-06
2048/radMinPressureSweep2/radMin-2/1.36700325568089199721397029493134746e-07
2048/radMinPressureSweep2/radMin-2/1.36718414039053476471547884704134053e-05
2048/radMinPressureSweep2/radMin-2/1.36874996482465091187458886507630351e-06
2048/radMinPressureSweep2/radMin-2/1.71665314904450844755097837248297661e-06
2048/radMinPressureSweep2/radMin-2/1.72124534077231313947996670702917771e-07
2048/radMinPressureSweep2/radMin-2/1.72244063788545102347138615232502974e-05
2048/radMinPressureSweep2/radMin-2/2.1673103247211788136701357285761517e-07
2048/radMinPressureSweep2/radMin-2/2.16781458165968077260101585478963531e-06
2048/radMinPressureSweep2/radMin-2/2.17000841430885612487027355856018898e-05
2048/radMinPressureSweep2/radMin-2/2.72876101551873221235474612799534119e-07
2048/radMinPressureSweep2/radMin-2/2.72901404946501188840436684708734265e-06
2048/radMinPressureSweep2/radMin-2/2.73234735683091112794115198401877926e-05
2048/radMinPressureSweep2/radMin-2/3.43533245969267724405377660272579428e-06
2048/radMinPressureSweep2/radMin-2/3.43563972129897886830709755594513244e-07
2048/radMinPressureSweep2/radMin-2/3.43982038425343633659646823844038026e-05
2048/radMinPressureSweep2/radMin-2/4.32411354632529044009511899983132541e-06
2048/radMinPressureSweep2/radMin-2/4.32515907651236329580639036218662577e-07
2048/radMinPressureSweep2/radMin-2/4.33663253263280044334606998423039846e-05
2048/radMinPressureSweep2/radMin-2/5.4418927453005046687543983777151076e-06
2048/radMinPressureSweep2/radMin-2/5.44451549776974375335891624672453781e-07
2048/radMinPressureSweep2/radMin-2/5.4658856126751561975608845183454963e-05
2048/radMinPressureSweep2/radMin-2/6.85309530829542204090311681140388197e-06
2048/radMinPressureSweep2/radMin-2/6.85809012567538821648207619881068854e-07
2048/radMinPressureSweep2/radMin-2/6.87345013652342428896290397154444613e-05
2048/radMinPressureSweep2/radMin-2/8.6339078627325442030717333363207027e-06
2048/radMinPressureSweep2/radMin-2/8.63521398486575427906629009649916259e-07
2048/radMinPressureSweep2/radMin-2/8.64118246847626440186206995739623648e-05
cudaMemcpyToSymbol Error: initialization error
cudaMemcpyToSymbol Error: initialization error
cudaMemcpyToSymbol Error: initialization error
Packing::getNDim: nDim on host does not match nDim on device
cudaMemcpyToSymbol Error: initialization error
cudaMemcpyToSymbol Error: initialization error
Packing::getNDim: nDim on host does not match nDim on device
cudaMemcpyToSymbol Error: initialization error
4096/posMinPressureSweep2/posMin-7/0.000104517498217597889527846370413699075
4096/posMinPressureSweep2/posMin-9/0.000106709480644453579062053044521113239
94020696226766923604816358
2048/radMinPressureSweep2/radMin-0/0.000540162657247317853787954076418685276
2048/radMinPressureSweep2/radMin-0/0.000682362662257516558115974975860524985
2048/radMinPressureSweep2/radMin-0/0.000861022518301042122978750612262307684
2048/radMinPressureSweep2/radMin-0/0.00108942010789823578052334470151030072
2048/radMinPressureSweep2/radMin-0/0.00137517263303270044409193072863628025
2048/radMinPressureSweep2/radMin-0/0.00175063841728499093098476719511674787
2048/radMinPressureSweep2/radMin-0/0.00221969516484452015466101204637733179
2048/radMinPressureSweep2/radMin-0/0.00283377547980678291889666601480494713
2048/radMinPressureSweep2/radMin-0/0.00361531639371951800057517744339939419
2048/radMinPressureSweep2/radMin-0/0.0046347098772277651575584029471763876
2048/radMinPressureSweep2/radMin-0/0.00592712776804768220864326852078201922
2048/radMinPressureSweep2/radMin-0/0.0076499437666284673148161613281215694
2048/radMinPressureSweep2/radMin-0/0.00991294996743343967635763320535605777
2048/radMinPressureSweep2/radMin-0/0.0129194304178733058499492012083326528
2048/radMinPressureSweep2/radMin-0/0.0168990769656518040125863086850687733
2048/radMinPressureSweep2/radMin-0/0.0222542298434099601967809380416916312
2048/radMinPressureSweep2/radMin-0/0.0293952924394265694699806104032893715
2048/radMinPressureSweep2/radMin-0/0.0391440215213776663263467761418904947
2048/radMinPressureSweep2/radMin-0/0.0525643900024133652055452604930615598
2048/radMinPressureSweep2/radMin-0/0.0709170684976335146201299768377338029
2048/radMinPressureSweep2/radMin-0/0.0948205372236263771585484345799779664
2048/radMinPressureSweep2/radMin-0/0.125563416504721025494251619278354608
2048/radMinPressureSweep2/radMin-0/1.06928919048435567366812932699676054e-07
2048/radMinPressureSweep2/radMin-0/1.06938291948679441955690284703182193e-06
2048/radMinPressureSweep2/radMin-0/1.0712129959229728590545205461532216e-05
2048/radMinPressureSweep2/radMin-0/1.34617838527249366581538941053815054e-07
2048/radMinPressureSweep2/radMin-0/1.34637446719930175533979941575517624e-06
2048/radMinPressureSweep2/radMin-0/1.34893783928504667857688378326099589e-05
2048/radMinPressureSweep2/radMin-0/1.69468453391664065974250911570210465e-07
2048/radMinPressureSweep2/radMin-0/1.69565687926075798419592280393351111e-06
2048/radMinPressureSweep2/radMin-0/1.69803713988635394522949870185436391e-05
2048/radMinPressureSweep2/radMin-0/2.13323627046056608170375630403109481e-07
2048/radMinPressureSweep2/radMin-0/2.1354965785461484645628064413542696e-06
2048/radMinPressureSweep2/radMin-0/2.13972260307616201558932250081560832e-05
2048/radMinPressureSweep2/radMin-0/2.68613279393758391931993802511062283e-07
2048/radMinPressureSweep2/radMin-0/2.68849793306893043739968364758116238e-06
2048/radMinPressureSweep2/radMin-0/2.69412785112041418224250115332255242e-05
2048/radMinPressureSweep2/radMin-0/3.35111942096430654483793391965039883e-05
2048/radMinPressureSweep2/radMin-0/3.38186753111419243655473782976727366e-07
2048/radMinPressureSweep2/radMin-0/3.3839975740002327349261179021831173e-06
2048/radMinPressureSweep2/radMin-0/4.25499754839652767140447436684536763e-06
2048/radMinPressureSweep2/radMin-0/4.25745902270243492adMin-5/0.000322220252127793582740030187878623293
2048/radMinPressureSweep2/radMin-5/0.00040829252937474547565077508504621538
2048/radMinPressureSweep2/radMin-5/0.000518091955033731275397839763359227885
2048/radMinPressureSweep2/radMin-5/0.000659072491629191739802202119358233289
2048/radMinPressureSweep2/radMin-5/0.000839648024358985436273868365453961136
2048/radMinPressureSweep2/radMin-5/0.00106964392504749843128043125342747027
2048/radMinPressureSweep2/radMin-5/0.00136389732109778985452858995092788204
2048/radMinPressureSweep2/radMin-5/0.00174624618555225801853269847081553182
2048/radMinPressureSweep2/radMin-5/0.00223695321073031175101178450282967751
2048/radMinPressureSweep2/radMin-5/0.00287250122205475117646338657564361116
2048/radMinPressureSweep2/radMin-5/0.00369868199899846968754529964352022192
2048/radMinPressureSweep2/radMin-5/0.00479053004603689584096/posMinPressureSweep2/posMin-2/0.000108526993048167409746020665342333516
4096/posMinPressureSweep2/posMin-2/0.000136952054637438319531727296136788833
4096/posMinPressureSweep2/posMin-2/0.000172930746804667431908676876968511816
4096/posMinPressureSweep2/posMin-2/0.000217939279303461698689140542631146225
4096/posMinPressureSweep2/posMin-2/0.000274822515487645582477052059315800845
4096/posMinPressureSweep2/posMin-2/0.000346225017787642154456051255509382517
4096/posMinPressureSweep2/posMin-2/0.000436690303474556169492022925121377409
4096/posMinPressureSweep2/posMin-2/0.000552205884477942308394626063618823207
4096/posMinPressureSweep2/posMin-2/0.000698198429630042309977107231187694596
4096/posMinPressureSweep2/posMin-2/0.000881151185695740925087503939621456591
4096/posMinPressureSweep2/posMin-2/0.00109423572996462793179252998081470288
4096/posMinPressureSweep2/posMin-2/0.00139895129828346948971295450838543787
4096/posMinPressureSweep2/posMin-2/0.00177004893761549852164182398355154234
4096/posMinPressureSweep2/posMin-2/0.00222373464804081459888840721000875156
4096/posMinPressureSweep2/posMin-2/0.00282726274914578406766213712165822106
4096/posMinPressureSweep2/posMin-2/0.00358049696944937632446629818264300218
4096/posMinPressureSweep2/posMin-2/0.00454498321964022158076856188598576913
4096/posMinPressureSweep2/posMin-2/0.00578586634583383243899711979933418594
4096/posMinPressureSweep2/posMin-2/0.00731695676878183519099581092713308986
4096/posMinPressureSweep2/posMin-2/0.009299666253223392756654406604346248
4096/posMinPressureSweep2/posMin-2/0.0117389231743290435948600473500018975
4096/posMinPressureSweep2/posMin-2/0.0151113928093462040723728500847241327
4096/posMinPressureSweep2/posMin-2/0.0193801466004268962283533558730928923
4096/posMinPressureSweep2/posMin-2/0.0248381456222856486618277251546076413
4096/posMinPressureSweep2/posMin-2/0.0316983502379902457743249064634025782
4096/posMinPressureSweep2/posMin-2/0.0411632826851445842920646084528662171
4096/posMinPressureSweep2/posMin-2/0.0530137639000975577907285727154438304
4096/posMinPressureSweep2/posMin-2/0.0694716883262438075344943275625919173
4096/posMinPressureSweep2/posMin-2/0.0897526913894361050159740189247180591
4096/posMinPressureSweep2/posMin-2/0.103528928382307277450996261528938603
4096/posMinPressureSweep2/posMin-2/1.0787726905724133852021850008741454e-06
4096/posMinPressureSweep2/posMin-2/1.08164592067923573063770036171569045e-05
4096/posMinPressureSweep2/posMin-2/1.35794688501573101372410341324423002e-06
4096/posMinPressureSweep2/posMin-2/1.36113114259403302656831281191903259e-05
4096/posMinPressureSweep2/posMin-2/1.70942930201670138191729629431400617e-06
4096/posMinPressureSweep2/posMin-2/1.70960084980141631550134083154411704e-07
4096/posMinPressureSweep2/posMin-2/1.71580444074159012069663978815546422e-05
4096/posMinPressureSweep2/posMin-2/2.15205375251114799033262479099766605e-06
4096/posMinPressureSweep2/posMin-2/2.15232502415811924344099238690498022e-07
4096/posMinPressureSweep2/posMin-2/2.15864738088430555102019797436120707e-05
4096/posMinPressureSweep2/posMin-2/2.70945925509905342390197336181530469e-06
4096/posMinPressureSweep2/posMin-2/2.70974446672039591512645475685858711e-07
4096/posMinPressureSweep2/posMin-2/2.71986788130479610443532112807560309e-05
4096/posMinPressureSweep2/posMin-2/3.41097303495166149557590162098655823e-07
4096/posMinPressureSweep2/posMin-2/3.41120625313347778553741576039902143e-06
4096/posMinPressureSweep2/posMin-2/3.42541661144716315018434950831158223e-05
4096/posMinPressureSweep2/posMin-2/4.29430830878658256185720919355886283e-07
4096/posMinPressureSweep2/posMin-2/4.29785452733947696708229686377675481e-06
4096/posMinPressureSweep2/posMin-2/4.30870683144678007819108359880527294e-05
4096/posMinPressureSweep2/posMin-2/5.40621512691691743110076844733052545e-07
4096/posMinPressureSweep2/posMin-2/5.41216699197826022865628307883750273e-06
4096/posMinPressureSweep2/posMin-2/5.42742420120364949669606353958752424e-05
4096/posMinPressureSweep2/posMin-2/6.80616143583859675176694793060541059e-07
4096/posMinPressureSweep2/posMin-2/6.81561873652220315988497819974109229e-06
4096/posMinPressureSweep2/posMin-2/6.84694612999019767582324041468904876e-05
4096/posMinPressureSweep2/posMin-2/8.53423256692378138395259998195939127e-05
4096/posMinPressureSweep2/posMin-2/8.56855253779629182968562314148558898e-07
4096/posMinPressureSweep2/posMin-2/8.58745383788393794378704979219494561e-06
4096/posMinPressureSweep2/posMin-4/0.000106876906434342737444777549598522364
4096/posMinPressureSweep2/posMin-4/0.000134759221993667305883176890656280567
4096/posMinPressureSweep2/posMin-4/0.000169834493076224722224668940907108733
4096/posMinPressureSweep2/posMin-4/0.000214127478356913065204100730539416128
4096/posMinPressureSweep2/posMin-4/0.000269880634366741462295159173856252652
4096/posMinPressureSweep2/posMin-4/0.000340486478840001201058258438387004544
4096/posMinPressureSweep2/posMin-4/0.00042964316768713363090657564647694287
4096/posMinPressureSweep2/posMin-4/0.000541233387314205516817403858969349202
4096/posMinPressureSweep2/posMin-4/0.00068198047213677456578636877047558286
4096/posMinPressureSweep2/posMin-4/0.000860977534248110899037642574852017967
4096/posMinPressureSweep2/posMin-4/0.00105038040858800995883884803898008897
4096/posMinPressureSweep2/posMin-4/0.00137828817830231517309179470254223591
4096/posMinPressureSweep2/posMin-4/0.00173584208540586042604667732379307018
4096/posMinPressureSweep2/posMin-4/0.0022080651529917079379301616457439549
4096/posMinPressureSweep2/posMin-4/0.0028048363575785551804508718609885193
4096/posMinPressureSweep2/posMin-4/0.00350437295268713653142539609950820807
4096/posMinPressureSweep2/posMin-4/0.00447654054637167622217065470987145784
4096/posMinPressureSweep2/posMin-4/0.00569981028804903750777019755020131816
4096/posMinPressureSweep2/posMin-4/0.00723459186740464825265030065130598938
4096/posMinPressureSweep2/posMin-4/0.00922747104775168751916045175101526322
4096/posMinPressureSweep2/posMin-4/0.011735888837285439452862986963743519
4096/posMinPressureSweep2/posMin-4/0.0147972681339304499613401565450716306
4096/posMinPressureSweep2/posMin-4/0.0190707304333377275824774810304569659
4096/posMinPressureSweep2/posMin-4/0.0244429233161820972142674447323479379
4096/posMinPressureSweep2/posMin-4/0.0312903473687356071730744784295067143
4096/posMinPressureSweep2/posMin-4/0.0404518792726725504465066536864944824
4096/posMinPressureSweep2/posMin-4/0.0527487218552715443485554343278999576
4096/posMinPressureSweep2/posMin-4/0.0687141563096228533842843048249920345
4096/posMinPressureSweep2/posMin-4/0.0897098162594098845105223885548993668
4096/posMinPressureSweep2/posMin-4/0.103439864578107628859127282253668681
4096/posMinPressureSweep2/posMin-4/1.06456244291307438393020001142140643e-06
4096/posMinPressureSweep2/posMin-4/1.06492497999709847834737883475578848e-07
4096/posMinPressureSweep2/posMin-4/1.06497614716934465062182322732519876e-05
4096/posMinPressureSweep2/posMin-4/1.34054982870883979564142144209269238e-06
4096/posMinPressureSweep2/posMin-4/1.34069384229162927584830974199854828e-05
4096/posMinPressureSweep2/posMin-4/1.34091959620980054667454181870534939e-07
4096/posMinPressureSweep2/posMin-4/1.68816232157894264053228873932237848e-07
4096/posMinPressureSweep2/posMin-4/1.68841581687736136498309557558045301e-06
4096/posMinPressureSweep2/posMin-4/1.6889978480253210914037356395678891e-05
4096/posMinPressureSweep2/posMin-4/2.12504525584006077713997066235871748e-07
4096/posMinPressureSweep2/posMin-4/2.12613151580610342088954544236471936e-06
4096/posMinPressureSweep2/posMin-4/2.12792914128123044972602404525278882e-05
4096/posMinPressureSweep2/posMin-4/2.67536545700682769279948287464285996e-07
4096/posMinPressureSweep2/posMin-4/2.67827397144465321286299206097144017e-06
4096/posMinPressureSweep2/posMin-4/2.68079364345442028426489326751842677e-05
4096/posMinPressureSweep2/posMin-4/3.36779153328926075531664338172150697e-07
4096/posMinPressureSweep2/posMin-4/3.37424851987850771114794730002494752e-06
4096/posMinPressureSweep2/posMin-4/3.37593794650933205435942963912537674e-05
4096/posMinPressureSweep2/posMin-4/4.23762767570804211892143816831465665e-07
4096/posMinPressureSweep2/posMin-4/4.24420035301472800870790846414845373e-06
4096/posMinPressureSweep2/posMin-4/4.24998595555805689710424510120986243e-05
4096/posMinPressureSweep2/posMin-4/5.335046041752260005327419465217803e-07
4096/posMinPressureSweep2/posMin-4/5.34282139245051214090530235198734896e-06
4096/posMinPressureSweep2/posMin-4/5.35131482059630082932627257096724307e-05
4096/posMinPressureSweep2/posMin-4/6.71698250225391867810825186923942199e-07
4096/posMinPressureSweep2/posMin-4/6.7295849199108006748381159387736247e-06
4096/posMinPressureSweep2/posMin-4/6.73806327956117893469296462897120983e-05
4096/posMinPressureSweep2/posMin-4/8.4553581565322113210180684878649964e-07
4096/posMinPressureSweep2/posMin-4/8.45835596860187102649514868594778542e-08
4096/posMinPressureSweep2/posMin-4/8.47410335254260996392570306464655234e-06
4096/posMinPressureSweep2/posMin-4/8.49524592143916214245536423188870401e-05
4096/posMinPressureSweep2/posMin-5/0.0001059168290239570168775582871554358
4096/posMinPressureSweep2/posMin-5/0.00013344514432478375411768382597775283
4096/posMinPressureSweep2/posMin-5/0.000168300021569391928253943542067472063
4096/posMinPressureSweep2/posMin-5/0.000212243615794246596899056706865574192
4096/posMinPressureSweep2/posMin-5/0.000267685755525697062187787054266264912
4096/posMinPressureSweep2/posMin-5/0.000337278997464291657362977094318357328
4096/posMinPressureSweep2/posMin-5/0.000424320834682493686566194941476883986
4096/posMinPressureSweep2/posMin-5/0.000537178100162278980182302135760088882
4096/posMinPressureSweep2/posMin-5/0.000678601985526131322770224066668177705
4096/posMinPressureSweep2/posMin-5/0.000856686418410391401181407957211169952
4096/posMinPressureSweep2/posMin-5/0.00107963338116859002336200531081711806
4096/posMinPressureSweep2/posMin-5/0.00136478969807682346777393637503025184
4096/posMinPressureSweep2/posMin-5/0.00172535196351562302802455621461452852
4096/posMinPressureSweep2/posMin-5/0.00217488640204516507260664799075008711
4096/posMinPressureSweep2/posMin-5/0.00277594123044954505117277047775773364
4096/posMinPressureSweep2/posMin-5/0.0035106067697080117062874012824934054
4096/posMinPressureSweep2/posMin-5/0.00444474021545660006006164571987971402
4096/posMinPressureSweep2/posMin-5/0.00563102790868567999740928022428866617
4096/posMinPressureSweep2/posMin-5/0.00712033287351571256045143633804301225
4096/posMinPressureSweep2/posMin-5/0.00909932333080208266340715849403834892
4096/posMinPressureSweep2/posMin-5/0.0115890705142792912853663968426090322
4096/posMinPressureSweep2/posMin-5/0.0148503815930939859399862512652329507
4096/posMinPressureSweep2/posMin-5/0.0189827429986226107784532099875545496
4096/posMinPressureSweep2/posMin-5/0.0244371445677572910741047740967876543
4096/posMinPressureSweep2/posMin-5/0.0314274663962492936663704902357575314
4096/posMinPressureSweep2/posMin-5/0.0405401968478336798233123283336457475
4096/posMinPressureSweep2/posMin-5/0.0517566226981489442391151863961233632
4096/posMinPressureSweep2/posMin-5/0.0678653707064743791262369642090217269
4096/posMinPressureSweep2/posMin-5/0.0892850762836894661058585669479766633
4096/posMinPressureSweep2/posMin-5/0.102905604126466368899095017034353112
4096/posMinPressureSweep2/posMin-5/1.05699842076005313666879673099587261e-06
4096/posMinPressureSweep2/posMin-5/1.05796460945228977293492308064619309e-05
4096/posMinPressureSweep2/posMin-5/1.33016626559878718142415860598892658e-06
4096/posMinPressureSweep2/posMin-5/1.33183302003952030670939419885666809e-05
4096/posMinPressureSweep2/posMin-5/1.67313796149826381609647976184973305e-07
4096/posMinPressureSweep2/posMin-5/1.67459106845293808056684843825926638e-06
4096/posMinPressureSweep2/posMin-5/1.67562461694029898237939196805207311e-05
4096/posMinPressureSweep2/posMin-5/2.10689248259893816556209924884903912e-07
4096/posMinPressureSweep2/posMin-5/2.10898573286919801092554331709349235e-06
4096/posMinPressureSweep2/posMin-5/2.11123027840156480153319742761883676e-05
4096/posMinPressureSweep2/posMin-5/2.65281432724400459783291673889613444e-07
4096/posMinPressureSweep2/posMin-5/2.65748364699421825779618310067992853e-06
4096/posMinPressureSweep2/posMin-5/2.65800573815305195342756410422278301e-05
4096/posMinPressureSweep2/posMin-5/3.34091846650276388191868117991515233e-07
4096/posMinPressureSweep2/posMin-5/3.34568171479246454125340217127029911e-06
4096/posMinPressureSweep2/posMin-5/3.34657670047433923468130596326317156e-05
4096/posMinPressureSweep2/posMin-5/4.2082139497947585237392484280826361e-07
4096/posMinPressureSweep2/posMin-5/4.20941506627649290188300641943117557e-06
4096/posMinPressureSweep2/posMin-5/4.21706706601519926461754554534499623e-05
4096/posMinPressureSweep2/posMin-5/5.29881582337480469549538903483666085e-07
4096/posMinPressureSweep2/posMin-5/5.30262154648520809767093024235571663e-06
4096/posMinPressureSweep2/posMin-5/5.31402102634126501189716235064715318e-05
4096/posMinPressureSweep2/posMin-5/6.6708685934926748345195611699896033e-07
4096/posMinPressureSweep2/posMin-5/6.67185239936041406968274520954734407e-06
4096/posMinPressureSweep2/posMin-5/6.67688930416456527148995296062664367e-05
4096/posMinPressureSweep2/posMin-5/8.39897274491642825193368255621794891e-07
4096/posMinPressureSweep2/posMin-5/8.40187518325240601590799090971344387e-06
4096/posMinPressureSweep2/posMin-5/8.41262430503204476484545771013488289e-05
4096/posMinPressureSweep2/posMin-3/0.000107406702597444316294279902229645611
4096/posMinPressureSweep2/posMin-3/0.000135301989015417295854624834885050167
4096/posMinPressureSweep2/posMin-3/0.000170277886464591981991693098586921461
4096/posMinPressureSweep2/posMin-3/0.00021364547815720027552877357136603585
4096/posMinPressureSweep2/posMin-3/0.00026994340065359906961178662775084142
4096/posMinPressureSweep2/posMin-3/0.000340303186848050505824325340196547508
4096/posMinPressureSweep2/posMin-3/0.000430131075752936124659843782349210709
4096/posMinPressureSweep2/posMin-3/0.000543471709969245366565440468950422766
4096/posMinPressureSweep2/posMin-3/0.000686236186088156934854540776039914391
4096/posMinPressureSweep2/posMin-3/0.000830004583067154002398893514862914756
4096/posMinPressureSweep2/posMin-3/0.00108414039006282566243541322623084118
4096/posMinPressureSweep2/posMin-3/0.00137564999874433833457706743292578334
4096/posMinPressureSweep2/posMin-3/0.00174506304611236461967263638832317897
4096/posMinPressureSweep2/posMin-3/0.00220797061610811237604313038788061045
4096/posMinPressureSweep2/posMin-3/0.00280312691800439857906206603674089863
4096/posMinPressureSweep2/posMin-3/0.00354115904877980610904229298715058859
4096/posMinPressureSweep2/posMin-3/0.00448852094016440139305804567849748702
4096/posMinPressureSweep2/posMin-3/0.00568789068363009304856676707171630992
4096/posMinPressureSweep2/posMin-3/0.00721860556181265866967899572107032465
4096/posMinPressureSweep2/posMin-3/0.00915360804078116121373212782985693039
4096/posMinPressureSweep2/posMin-3/0.0116644519864211648385909279437686413
4096/posMinPressureSweep2/posMin-3/0.0149330297623192572007337585709331726
4096/posMinPressureSweep2/posMin-3/0.0190524268053773332653331256044295802
4096/posMinPressureSweep2/posMin-3/0.0245208247791568707795101613194382
4096/posMinPressureSweep2/posMin-3/0.0315407782389914461954697065965954308
4096/posMinPressureSweep2/posMin-3/0.0408008470976480426378050102878765517
4096/posMinPressureSweep2/posMin-3/0.0526738249778803724023415216924517484
4096/posMinPressureSweep2/posMin-3/0.0686896460142794100911545252929759465
4096/posMinPressureSweep2/posMin-3/0.089796318305906000858468900785364711
4096/posMinPressureSweep2/posMin-3/0.103296920513388738279485340180713632
4096/posMinPressureSweep2/posMin-3/1.07017016985675605968616015676930195e-06
4096/posMinPressureSweep2/posMin-3/1.07030247770802108395809701008146707e-05
4096/posMinPressureSweep2/posMin-3/1.34735452091513069995408786973995705e-06
4096/posMinPressureSweep2/posMin-3/1.34762684811052566153746224628799703e-05
4096/posMinPressureSweep2/posMin-3/1.69640275145944714408349524251806662e-06
4096/posMinPressureSweep2/posMin-3/1.69670131857679823421707455516754452e-05
4096/posMinPressureSweep2/posMin-3/2.13539598777369470034672851322082609e-05
4096/posMinPressureSweep2/posMin-3/2.13584368629066038232431756372236216e-06
4096/posMinPressureSweep2/posMin-3/2.68856669358316238596465458552980353e-05
4096/posMinPressureSweep2/posMin-3/2.68883559950805960015545163012158795e-06
4096/posMinPressureSweep2/posMin-3/3.38444963408008855465781281419934502e-06
4096/posMinPressureSweep2/posMin-3/3.38967231646105521303828160436028041e-05
4096/posMinPressureSweep2/posMin-3/4.26010317903975665198731913906566285e-07
4096/posMinPressureSweep2/posMin-3/4.26029443237583903056402257685686196e-06
4096/posMinPressureSweep2/posMin-3/4.27011953314716050994550011205935269e-05
4096/posMinPressureSweep2/posMin-3/5.3542950167094558041030915267342672e-05
4096/posMinPressureSweep2/posMin-3/5.3628763656788190294753865909459831e-07
4096/posMinPressureSweep2/posMin-3/5.36434855652286717202016736109742731e-06
4096/posMinPressureSweep2/posMin-3/6.75221698137639742697760910320563948e-07
4096/posMinPressureSweep2/posMin-3/6.75449678706975568479371092477929835e-06
4096/posMinPressureSweep2/posMin-3/6.77224609204687638519175464166621954e-05
4096/posMinPressureSweep2/posMin-3/8.50086627679016572600054643622497113e-07
4096/posMinPressureSweep2/posMin-3/8.5024333200806649081335517980300333e-06
4096/posMinPressureSweep2/posMin-3/8.53086734168135300149600237153057139e-05
4096/posMinPressureSweep2/posMin-0/0.000106688090905819215527643304387619246
4096/posMinPressureSweep2/posMin-0/0.000134385935007802065102085263483271809
4096/posMinPressureSweep2/posMin-0/0.000169394851214091672919086487664898689
4096/posMinPressureSweep2/posMin-0/0.000213397166065282838509944778391249957
4096/posMinPressureSweep2/posMin-0/0.000269330688230186860663083730648844086
4096/posMinPressureSweep2/posMin-0/0.000339220618434441165291672042285255583
4096/posMinPressureSweep2/posMin-0/0.000427105665404520098025649317857988941
4096/posMinPressureSweep2/posMin-0/0.000539465491872736234631265474751287443
4096/posMinPressureSweep2/posMin-0/0.000668768711598104014571117236893209081
4096/posMinPressureSweep2/posMin-0/0.000855846579039632228712908723687798279
4096/posMinPressureSweep2/posMin-0/0.00108337409306042386132476013222304852
4096/posMinPressureSweep2/posMin-0/0.00136953870614384022281143390613071473
4096/posMinPressureSweep2/posMin-0/0.00173290319298927916180938034786451372
4096/posMinPressureSweep2/posMin-0/0.00219192480780603069092326644962169786
4096/posMinPressureSweep2/posMin-0/0.00277784634213349651181916779168533901
4096/posMinPressureSweep2/posMin-0/0.00349840083311251601176283907153801592
4096/posMinPressureSweep2/posMin-0/0.00444045289453113024039974153540997868
4096/posMinPressureSweep2/posMin-0/0.00565360699337165245991798413734823549
4096/posMinPressureSweep2/posMin-0/0.00722639247209473788835648889770384263
4096/posMinPressureSweep2/posMin-0/0.00921327968993459138539749040545969928
4096/posMinPressureSweep2/posMin-0/0.011657725757957936232578138661249604
4096/posMinPressureSweep2/posMin-0/0.0148899116291605163730711868117328296
4096/posMinPressureSweep2/posMin-0/0.0190571229770661960568839995304048067
4096/posMinPressureSweep2/posMin-0/0.0243559837507138096850771112231702679
4096/posMinPressureSweep2/posMin-0/0.0313399181367879534058232867414153724
4096/posMinPressureSweep2/posMin-0/0.0406441258336058986897704564384264596/posMinPressureSweep2/posMin-1/0.0521118201265860241880613434748891172
4096/posMinPressureSweep2/posMin-1/0.0681345388365971980453947916122428411
4096/posMinPressureSweep2/posMin-1/0.0893407068349171849478561291553006954
4096/posMinPressureSweep2/posMin-1/0.103068625077417719016968558880658433
4096/posMinPressureSweep2/posMin-1/1.05780620238504283034915218820339496e-07
4096/posMinPressureSweep2/posMin-1/1.05843969433066235158047091461447847e-06
4096/posMinPressureSweep2/posMin-1/1.05961885160587700745150149017248563e-05
4096/posMinPressureSweep2/posMin-1/1.33175868676370280351891138296205027e-07
4096/posMinPressureSweep2/posMin-1/1.33257394805043398822942620087683517e-06
4096/posMinPressureSweep2/posMin-1/1.33491717719270326737341351221995345e-05
4096/posMinPressureSweep2/posMin-1/1.67662661660002858373749019358845419e-07
4096/posMinPressureSweep2/posMin-1/1.67803712542809385210971417003317729e-06
4096/posMinPressureSweep2/posMin-1/1.68094672246001495162171978807281644e-05
4096/posMinPressureSweep2/posMin-1/2.11046665313860872958971157487098948e-07
4096/posMinPressureSweep2/posMin-1/2.11246783610453445005711835600280456e-06
4096/posMinPressureSweep2/posMin-1/2.11672493637856018153766976941812306e-05
4096/posMinPressureSweep2/posMin-1/2.65755614727342003882220348265494221e-07
4096/posMinPressureSweep2/posMin-1/2.66034982463889238987429618083835631e-06
4096/posMinPressureSweep2/posMin-1/2.66378338396541242340621755458064351e-05
4096/posMinPressureSweep2/posMin-1/3.34626754598904996407728267254807306e-07
4096/posMinPressureSweep2/posMin-1/3.3478662566347044855981959599355487e-06
4096/posMinPressureSweep2/posMin-1/3.35797122409528882593107534313932186e-05
4096/posMinPressureSweep2/posMin-1/4.21350586039744555650846864610982229e-07
4096/posMinPressureSweep2/posMin-1/4.21522104438853365467360875367346085e-06
4096/posMinPressureSweep2/posMin-1/4.23173834426427836505965728148009507e-05
4096/posMinPressureSweep2/posMin-1/5.30506607464422627262829858484490811e-07
4096/posMinPressureSweep2/posMin-1/5.30769032713082305892117389812689527e-06
4096/posMinPressureSweep2/posMin-1/5.31626881320351665271965882799123952e-05
4096/posMinPressureSweep2/posMin-1/6.67851463870106014280511225292956753e-07
4096/posMinPressureSweep2/posMin-1/6.68217978852137102733524654967494357e-06
4096/posMinPressureSweep2/posMin-1/6.703321834731438918593017732545161e-05
4096/posMinPressureSweep2/posMin-1/8.40238249928787040786444030098259319e-08
4096/posMinPressureSweep2/posMin-1/8.40853274106564503294150964412844183e-07
4096/posMinPressureSweep2/posMin-1/8.41561410601416710296889434067687198e-06
4096/posMinPressureSweep2/posMin-1/8.43862051702200393677862779924610543e-05
4096/posMinPressureSweep2/posMin-6/0.000106158615058434078726247625716887255
4096/posMinPressureSweep2/posMin-6/0.000134307733236708052037971974408998505
4096/posMinPressureSweep2/posMin-6/0.000169285387119033913784363385138241045
4096/posMinPressureSweep2/posMin-6/0.000213028394980046955576009073485443593
4096/posMinPressureSweep2/posMin-6/0.000268770116214350364997891565499171917
4096/posMinPressureSweep2/posMin-6/0.000339176699341677174938232740758194644
4096/posMinPressureSweep2/posMin-6/0.00042714149054091683542561892699437916
4096/posMinPressureSweep2/posMin-6/0.000538123665357459403265935312869483465
4096/posMinPressureSweep2/posMin-6/0.000680031897567522916327571210645721928
4096/posMinPressureSweep2/posMin-6/0.000862483686180330161912428710994471926
4096/posMinPressureSweep2/posMin-6/0.0010750340218767852746326057148392843
4096/posMinPressureSweep2/posMin-6/0.00137481263740061790999570345419708349
4096/posMinPressureSweep2/posMin-6/0.00174204629085383765331152868146702733
4096/posMinPressureSweep2/posMin-6/0.00219008673431859596973516091517854452
4096/posMinPressureSweep2/posMin-6/0.00279227029168975665352214018891992509
4096/posMinPressureSweep2/posMin-6/0.00351687722964087210789048858759621681
4096/posMinPressureSweep2/posMin-6/0.00442155752550977789192445692251366261
4096/posMinPressureSweep2/posMin-6/0.00567110976203903202249399731194434893
4096/posMinPressureSweep2/posMin-6/0.00713660991650542778611397448981934824
4096/posMinPressureSweep2/posMin-6/0.00913416503700843706215473184722138216
4096/posMinPressureSweep2/posMin-6/0.011703059275412548727597310191776573
4096/posMinPressureSweep2/posMin-6/0.0149751936179273229487102149731978997
4096/posMinPressureSweep2/posMin-6/0.0191866899690316584862505009252434029
4096/posMinPressureSweep2/posMin-6/0.0246583521373458430447919694647759193
4096/posMinPressureSweep2/posMin-6/0.0314254731308394949934865014832461847
4096/posMinPressureSweep2/posMin-6/0.0403934090593545862176180013752119609
4096/posMinPressureSweep2/posMin-6/0.0525611108070060104918250815238040177
4096/posMinPressureSweep2/posMin-6/0.0684668611841176086578731318709117387
4096/posMinPressureSweep2/posMin-6/0.0900529599087640348655040740053417108
4096/posMinPressureSweep2/posMin-6/0.103570346861586912471367159850762068
4096/posMinPressureSweep2/posMin-6/1.06097495098209896603858374022176688e-07
4096/posMinPressureSweep2/posMin-6/1.06122316757829575994537592772450001e-05
4096/posMinPressureSweep2/posMin-6/1.06152784575585210154913164646671139e-06
4096/posMinPressureSweep2/posMin-6/1.33568724862389150966622766628110915e-07
4096/posMinPressureSweep2/posMin-6/1.33645986146157651674032419991886742e-06
4096/posMinPressureSweep2/posMin-6/1.33723441713556242916521707812874453e-05
4096/posMinPressureSweep2/posMin-6/1.6815096290518782246599498715750216e-07
4096/posMinPressureSweep2/posMin-6/1.68237577655435752645461220580416639e-06
4096/posMinPressureSweep2/posMin-6/1.68556844883891602645284248595612241e-05
4096/posMinPressureSweep2/posMin-6/2.11690945637106537551249895642379726e-07
4096/posMinPressureSweep2/posMin-6/2.11811456646808060421668070715591565e-06
4096/posMinPressureSweep2/posMin-6/2.12366903444880378189096073715557711e-05
4096/posMinPressureSweep2/posMin-6/2.66515020494684953258715460487811483e-07
4096/posMinPressureSweep2/posMin-6/2.66553736968248727208570904472337541e-06
4096/posMinPressureSweep2/posMin-6/2.67493407266966434622596715304885209e-05
4096/posMinPressureSweep2/posMin-6/3.35527927719971763417355115760173896e-07
4096/posMinPressureSweep2/posMin-6/3.35731120512577891219619646457143236e-06
4096/posMinPressureSweep2/posMin-6/3.36843409733437259909308593365048023e-05
4096/posMinPressureSweep2/posMin-6/4.22400342899177632960840708851807561e-07
4096/posMinPressureSweep2/posMin-6/4.22656121317753462920698378239579374e-06
4096/posMinPressureSweep2/posMin-6/4.24389210009763939179313116504316111e-05
4096/posMinPressureSweep2/posMin-6/5.31806395017754450966966937666468737e-07
4096/posMinPressureSweep2/posMin-6/5.31848718180738552745044579813768067e-06
4096/posMinPressureSweep2/posMin-6/5.3433976566055930759781406251484676e-05
4096/posMinPressureSweep2/posMin-6/6.69561336983378048723718828600131899e-07
4096/posMinPressureSweep2/posMin-6/6.69706729182569118616461033021431873e-06
4096/posMinPressureSweep2/posMin-6/6.73773064377993324154688939422763644e-05
4096/posMinPressureSweep2/posMin-6/8.42783980621638245533509726003546721e-08
4096/posMinPressureSweep2/posMin-6/8.43044355227851070478324368756094181e-07
4096/posMinPressureSweep2/posMin-6/8.43431201717267452679503653804552014e-06
4096/posMinPressureSweep2/posMin-6/8.49395195551714226643308700189520794e-05
